# JRE version: Java(TM) SE Runtime Environment (8.0_66-b18) (build 1.8.0_66-b18)
# Java VM: Java HotSpot(TM) 64-Bit Server VM (25.66-b18 mixed mode windows-amd64 compressed oops)
Heap:
 PSYoungGen      total 71680K, used 5088K [0x00000000d5900000, 0x00000000da400000, 0x0000000100000000)
  eden space 66560K, 0% used [0x00000000d5900000,0x00000000d5900000,0x00000000d9a00000)
  from space 5120K, 99% used [0x00000000d9f00000,0x00000000da3f8020,0x00000000da400000)
  to   space 5120K, 0% used [0x00000000d9a00000,0x00000000d9a00000,0x00000000d9f00000)
 ParOldGen       total 87552K, used 59288K [0x0000000080a00000, 0x0000000085f80000, 0x00000000d5900000)
  object space 87552K, 67% used [0x0000000080a00000,0x00000000843e6000,0x0000000085f80000)
 Metaspace       used 5974K, capacity 6148K, committed 6528K, reserved 1056768K
  class space    used 697K, capacity 770K, committed 896K, reserved 1048576K
GC Heap History (5 events):
Event: 0.228 GC heap before
{Heap before GC invocations=1 (full 0):
 PSYoungGen      total 38400K, used 33280K [0x00000000d5900000, 0x00000000d8380000, 0x0000000100000000)
  eden space 33280K, 100% used [0x00000000d5900000,0x00000000d7980000,0x00000000d7980000)
  from space 5120K, 0% used [0x00000000d7e80000,0x00000000d7e80000,0x00000000d8380000)
  to   space 5120K, 0% used [0x00000000d7980000,0x00000000d7980000,0x00000000d7e80000)
 ParOldGen       total 87552K, used 0K [0x0000000080a00000, 0x0000000085f80000, 0x00000000d5900000)
  object space 87552K, 0% used [0x0000000080a00000,0x0000000080a00000,0x0000000085f80000)
 Metaspace       used 5974K, capacity 6148K, committed 6528K, reserved 1056768K
  class space    used 697K, capacity 770K, committed 896K, reserved 1048576K
Event: 0.265 GC heap after
Heap after GC invocations=1 (full 0):
 PSYoungGen      total 38400K, used 5120K [0x00000000d5900000, 0x00000000da400000, 0x0000000100000000)
  eden space 33280K, 0% used [0x00000000d5900000,0x00000000d5900000,0x00000000d7980000)
  from space 5120K, 100% used [0x00000000d7980000,0x00000000d7e80000,0x00000000d7e80000)
  to   space 5120K, 0% used [0x00000000d9f00000,0x00000000d9f00000,0x00000000da400000)
 ParOldGen       total 87552K, used 25232K [0x0000000080a00000, 0x0000000085f80000, 0x00000000d5900000)
  object space 87552K, 28% used [0x0000000080a00000,0x00000000822a4000,0x0000000085f80000)
 Metaspace       used 5974K, capacity 6148K, committed 6528K, reserved 1056768K
  class space    used 697K, capacity 770K, committed 896K, reserved 1048576K
}
Event: 0.280 GC heap before
{Heap before GC invocations=2 (full 0):
 PSYoungGen      total 38400K, used 38400K [0x00000000d5900000, 0x00000000da400000, 0x0000000100000000)
  eden space 33280K, 100% used [0x00000000d5900000,0x00000000d7980000,0x00000000d7980000)
  from space 5120K, 100% used [0x00000000d7980000,0x00000000d7e80000,0x00000000d7e80000)
  to   space 5120K, 0% used [0x00000000d9f00000,0x00000000d9f00000,0x00000000da400000)
 ParOldGen       total 87552K, used 25232K [0x0000000080a00000, 0x0000000085f80000, 0x00000000d5900000)
  object space 87552K, 28% used [0x0000000080a00000,0x00000000822a4000,0x0000000085f80000)
 Metaspace       used 5974K, capacity 6148K, committed 6528K, reserved 1056768K
  class space    used 697K, capacity 770K, committed 896K, reserved 1048576K
Event: 0.338 GC heap after
Heap after GC invocations=2 (full 0):
 PSYoungGen      total 71680K, used 5088K [0x00000000d5900000, 0x00000000da400000, 0x0000000100000000)
  eden space 66560K, 0% used [0x00000000d5900000,0x00000000d5900000,0x00000000d9a00000)
  from space 5120K, 99% used [0x00000000d9f00000,0x00000000da3f8020,0x00000000da400000)
  to   space 5120K, 0% used [0x00000000d9a00000,0x00000000d9a00000,0x00000000d9f00000)
 ParOldGen       total 87552K, used 59288K [0x0000000080a00000, 0x0000000085f80000, 0x00000000d5900000)
  object space 87552K, 67% used [0x0000000080a00000,0x00000000843e6000,0x0000000085f80000)
 Metaspace       used 5974K, capacity 6148K, committed 6528K, reserved 1056768K
  class space    used 697K, capacity 770K, committed 896K, reserved 1048576K
}
Event: 0.338 GC heap before
{Heap before GC invocations=3 (full 1):
 PSYoungGen      total 71680K, used 5088K [0x00000000d5900000, 0x00000000da400000, 0x0000000100000000)
  eden space 66560K, 0% used [0x00000000d5900000,0x00000000d5900000,0x00000000d9a00000)
  from space 5120K, 99% used [0x00000000d9f00000,0x00000000da3f8020,0x00000000da400000)
  to   space 5120K, 0% used [0x00000000d9a00000,0x00000000d9a00000,0x00000000d9f00000)
 ParOldGen       total 87552K, used 59288K [0x0000000080a00000, 0x0000000085f80000, 0x00000000d5900000)
  object space 87552K, 67% used [0x0000000080a00000,0x00000000843e6000,0x0000000085f80000)
 Metaspace       used 5974K, capacity 6148K, committed 6528K, reserved 1056768K
  class space    used 697K, capacity 770K, committed 896K, reserved 1048576K

